{"/Users/macbook/Programming/JS/starbot/src/modules/command.js":{"path":"/Users/macbook/Programming/JS/starbot/src/modules/command.js","s":{"1":1,"2":1,"3":1,"4":1,"5":1,"6":1,"7":1,"8":1,"9":1,"10":3,"11":2,"12":1,"13":1,"14":0,"15":0,"16":1},"b":{"1":[0,0]},"f":{"1":3,"2":0},"fnMap":{"1":{"name":"(anonymous_1)","line":21,"loc":{"start":{"line":21,"column":13},"end":{"line":21,"column":33}}},"2":{"name":"(anonymous_2)","line":28,"loc":{"start":{"line":28,"column":9},"end":{"line":28,"column":43}}}},"statementMap":{"1":{"start":{"line":1,"column":0},"end":{"line":1,"column":33}},"2":{"start":{"line":2,"column":0},"end":{"line":2,"column":54}},"3":{"start":{"line":3,"column":0},"end":{"line":3,"column":56}},"4":{"start":{"line":4,"column":0},"end":{"line":4,"column":54}},"5":{"start":{"line":5,"column":0},"end":{"line":5,"column":64}},"6":{"start":{"line":6,"column":0},"end":{"line":6,"column":52}},"7":{"start":{"line":7,"column":0},"end":{"line":7,"column":56}},"8":{"start":{"line":8,"column":0},"end":{"line":8,"column":60}},"9":{"start":{"line":10,"column":0},"end":{"line":18,"column":2}},"10":{"start":{"line":22,"column":4},"end":{"line":22,"column":46}},"11":{"start":{"line":23,"column":4},"end":{"line":23,"column":60}},"12":{"start":{"line":24,"column":4},"end":{"line":24,"column":21}},"13":{"start":{"line":25,"column":4},"end":{"line":25,"column":35}},"14":{"start":{"line":29,"column":4},"end":{"line":31,"column":5}},"15":{"start":{"line":30,"column":6},"end":{"line":30,"column":91}},"16":{"start":{"line":35,"column":0},"end":{"line":35,"column":25}}},"branchMap":{"1":{"line":29,"type":"if","locations":[{"start":{"line":29,"column":4},"end":{"line":29,"column":4}},{"start":{"line":29,"column":4},"end":{"line":29,"column":4}}]}}},"/Users/macbook/Programming/JS/starbot/src/modules/commands/command.js":{"path":"/Users/macbook/Programming/JS/starbot/src/modules/commands/command.js","s":{"1":1,"2":1,"3":0,"4":0,"5":0,"6":0,"7":1},"b":{},"f":{"1":0,"2":0},"fnMap":{"1":{"name":"(anonymous_1)","line":5,"loc":{"start":{"line":5,"column":13},"end":{"line":5,"column":27}}},"2":{"name":"(anonymous_2)","line":10,"loc":{"start":{"line":10,"column":8},"end":{"line":10,"column":27}}}},"statementMap":{"1":{"start":{"line":1,"column":0},"end":{"line":1,"column":33}},"2":{"start":{"line":2,"column":0},"end":{"line":2,"column":48}},"3":{"start":{"line":6,"column":4},"end":{"line":6,"column":35}},"4":{"start":{"line":7,"column":4},"end":{"line":7,"column":19}},"5":{"start":{"line":11,"column":4},"end":{"line":11,"column":52}},"6":{"start":{"line":12,"column":4},"end":{"line":12,"column":52}},"7":{"start":{"line":16,"column":0},"end":{"line":16,"column":25}}},"branchMap":{}},"/Users/macbook/Programming/JS/starbot/src/utils/slack.js":{"path":"/Users/macbook/Programming/JS/starbot/src/utils/slack.js","s":{"1":1,"2":1,"3":1,"4":1,"5":1},"b":{},"f":{},"fnMap":{},"statementMap":{"1":{"start":{"line":1,"column":0},"end":{"line":1,"column":33}},"2":{"start":{"line":2,"column":0},"end":{"line":2,"column":73}},"3":{"start":{"line":3,"column":0},"end":{"line":3,"column":81}},"4":{"start":{"line":5,"column":0},"end":{"line":5,"column":66}},"5":{"start":{"line":7,"column":0},"end":{"line":12,"column":2}}},"branchMap":{}},"/Users/macbook/Programming/JS/starbot/src/modules/configuration.js":{"path":"/Users/macbook/Programming/JS/starbot/src/modules/configuration.js","s":{"1":1,"2":1,"3":1,"4":1,"5":1},"b":{"1":[1,0],"2":[1,1],"3":[1,0],"4":[1,0]},"f":{},"fnMap":{},"statementMap":{"1":{"start":{"line":1,"column":0},"end":{"line":1,"column":41}},"2":{"start":{"line":3,"column":0},"end":{"line":3,"column":20}},"3":{"start":{"line":4,"column":0},"end":{"line":4,"column":35}},"4":{"start":{"line":6,"column":0},"end":{"line":16,"column":2}},"5":{"start":{"line":18,"column":0},"end":{"line":18,"column":31}}},"branchMap":{"1":{"line":7,"type":"binary-expr","locations":[{"start":{"line":7,"column":8},"end":{"line":7,"column":24}},{"start":{"line":7,"column":28},"end":{"line":7,"column":32}}]},"2":{"line":12,"type":"binary-expr","locations":[{"start":{"line":12,"column":20},"end":{"line":12,"column":58}},{"start":{"line":12,"column":62},"end":{"line":12,"column":73}}]},"3":{"line":14,"type":"binary-expr","locations":[{"start":{"line":14,"column":17},"end":{"line":14,"column":51}},{"start":{"line":14,"column":55},"end":{"line":14,"column":73}}]},"4":{"line":15,"type":"binary-expr","locations":[{"start":{"line":15,"column":26},"end":{"line":15,"column":70}},{"start":{"line":15,"column":74},"end":{"line":15,"column":80}}]}}},"/Users/macbook/Programming/JS/starbot/src/modules/mongo.js":{"path":"/Users/macbook/Programming/JS/starbot/src/modules/mongo.js","s":{"1":1,"2":1,"3":1,"4":1,"5":1,"6":0,"7":0,"8":0,"9":0,"10":0,"11":0,"12":1,"13":0,"14":0,"15":1},"b":{"1":[0,0],"2":[0,0]},"f":{"1":0,"2":0},"fnMap":{"1":{"name":"connect","line":7,"loc":{"start":{"line":7,"column":0},"end":{"line":7,"column":19}}},"2":{"name":"close","line":18,"loc":{"start":{"line":18,"column":0},"end":{"line":18,"column":17}}}},"statementMap":{"1":{"start":{"line":1,"column":0},"end":{"line":1,"column":43}},"2":{"start":{"line":2,"column":0},"end":{"line":2,"column":33}},"3":{"start":{"line":3,"column":0},"end":{"line":3,"column":53}},"4":{"start":{"line":5,"column":0},"end":{"line":5,"column":13}},"5":{"start":{"line":7,"column":0},"end":{"line":16,"column":1}},"6":{"start":{"line":8,"column":2},"end":{"line":14,"column":3}},"7":{"start":{"line":9,"column":4},"end":{"line":9,"column":59}},"8":{"start":{"line":10,"column":4},"end":{"line":13,"column":7}},"9":{"start":{"line":11,"column":6},"end":{"line":11,"column":28}},"10":{"start":{"line":12,"column":6},"end":{"line":12,"column":22}},"11":{"start":{"line":15,"column":2},"end":{"line":15,"column":35}},"12":{"start":{"line":18,"column":0},"end":{"line":22,"column":1}},"13":{"start":{"line":19,"column":2},"end":{"line":21,"column":3}},"14":{"start":{"line":20,"column":4},"end":{"line":20,"column":21}},"15":{"start":{"line":24,"column":0},"end":{"line":24,"column":36}}},"branchMap":{"1":{"line":8,"type":"if","locations":[{"start":{"line":8,"column":2},"end":{"line":8,"column":2}},{"start":{"line":8,"column":2},"end":{"line":8,"column":2}}]},"2":{"line":19,"type":"if","locations":[{"start":{"line":19,"column":2},"end":{"line":19,"column":2}},{"start":{"line":19,"column":2},"end":{"line":19,"column":2}}]}}},"/Users/macbook/Programming/JS/starbot/src/modules/chatMessage.js":{"path":"/Users/macbook/Programming/JS/starbot/src/modules/chatMessage.js","s":{"1":1,"2":1,"3":1,"4":1,"5":1,"6":1,"7":1,"8":1,"9":0,"10":0,"11":0,"12":0,"13":0,"14":0,"15":0,"16":0,"17":0,"18":0,"19":0,"20":0,"21":0,"22":0,"23":0,"24":0,"25":0,"26":0,"27":0,"28":0,"29":0,"30":0,"31":0,"32":0,"33":0,"34":0,"35":0,"36":0,"37":0,"38":0,"39":0,"40":0,"41":0,"42":0,"43":0,"44":0,"45":0,"46":0,"47":0,"48":0,"49":0,"50":0,"51":0,"52":0,"53":0,"54":0,"55":0,"56":0,"57":0,"58":0,"59":0,"60":0,"61":1},"b":{"1":[0,0],"2":[0,0],"3":[0,0],"4":[0,0],"5":[0,0],"6":[0,0],"7":[0,0],"8":[0,0],"9":[0,0],"10":[0,0],"11":[0,0],"12":[0,0],"13":[0,0],"14":[0,0],"15":[0,0],"16":[0,0],"17":[0,0],"18":[0,0],"19":[0,0],"20":[0,0],"21":[0,0],"22":[0,0]},"f":{"1":0,"2":0,"3":0,"4":0,"5":0,"6":0,"7":0,"8":0,"9":0,"10":0},"fnMap":{"1":{"name":"(anonymous_1)","line":12,"loc":{"start":{"line":12,"column":13},"end":{"line":12,"column":32}}},"2":{"name":"(anonymous_2)","line":27,"loc":{"start":{"line":27,"column":15},"end":{"line":27,"column":18}}},"3":{"name":"(anonymous_3)","line":31,"loc":{"start":{"line":31,"column":10},"end":{"line":31,"column":13}}},"4":{"name":"(anonymous_4)","line":40,"loc":{"start":{"line":40,"column":16},"end":{"line":40,"column":19}}},"5":{"name":"(anonymous_5)","line":50,"loc":{"start":{"line":50,"column":6},"end":{"line":50,"column":9}}},"6":{"name":"(anonymous_6)","line":57,"loc":{"start":{"line":57,"column":14},"end":{"line":57,"column":17}}},"7":{"name":"(anonymous_7)","line":64,"loc":{"start":{"line":64,"column":17},"end":{"line":64,"column":20}}},"8":{"name":"(anonymous_8)","line":71,"loc":{"start":{"line":71,"column":10},"end":{"line":71,"column":13}}},"9":{"name":"(anonymous_9)","line":98,"loc":{"start":{"line":98,"column":18},"end":{"line":98,"column":21}}},"10":{"name":"(anonymous_10)","line":102,"loc":{"start":{"line":102,"column":12},"end":{"line":102,"column":15}}}},"statementMap":{"1":{"start":{"line":1,"column":0},"end":{"line":1,"column":33}},"2":{"start":{"line":2,"column":0},"end":{"line":2,"column":27}},"3":{"start":{"line":3,"column":0},"end":{"line":3,"column":74}},"4":{"start":{"line":4,"column":0},"end":{"line":4,"column":53}},"5":{"start":{"line":5,"column":0},"end":{"line":5,"column":32}},"6":{"start":{"line":6,"column":0},"end":{"line":6,"column":40}},"7":{"start":{"line":7,"column":0},"end":{"line":7,"column":49}},"8":{"start":{"line":9,"column":0},"end":{"line":9,"column":104}},"9":{"start":{"line":13,"column":4},"end":{"line":13,"column":56}},"10":{"start":{"line":14,"column":4},"end":{"line":14,"column":80}},"11":{"start":{"line":15,"column":4},"end":{"line":15,"column":33}},"12":{"start":{"line":16,"column":4},"end":{"line":16,"column":29}},"13":{"start":{"line":17,"column":4},"end":{"line":17,"column":35}},"14":{"start":{"line":18,"column":4},"end":{"line":18,"column":31}},"15":{"start":{"line":19,"column":4},"end":{"line":19,"column":29}},"16":{"start":{"line":20,"column":4},"end":{"line":20,"column":32}},"17":{"start":{"line":21,"column":4},"end":{"line":21,"column":46}},"18":{"start":{"line":22,"column":4},"end":{"line":22,"column":45}},"19":{"start":{"line":23,"column":4},"end":{"line":23,"column":48}},"20":{"start":{"line":24,"column":4},"end":{"line":24,"column":52}},"21":{"start":{"line":28,"column":4},"end":{"line":28,"column":54}},"22":{"start":{"line":32,"column":4},"end":{"line":36,"column":5}},"23":{"start":{"line":33,"column":6},"end":{"line":35,"column":7}},"24":{"start":{"line":34,"column":8},"end":{"line":34,"column":20}},"25":{"start":{"line":37,"column":4},"end":{"line":37,"column":17}},"26":{"start":{"line":41,"column":4},"end":{"line":41,"column":39}},"27":{"start":{"line":41,"column":27},"end":{"line":41,"column":39}},"28":{"start":{"line":42,"column":4},"end":{"line":46,"column":5}},"29":{"start":{"line":43,"column":6},"end":{"line":45,"column":7}},"30":{"start":{"line":44,"column":8},"end":{"line":44,"column":20}},"31":{"start":{"line":47,"column":4},"end":{"line":47,"column":17}},"32":{"start":{"line":51,"column":4},"end":{"line":54,"column":7}},"33":{"start":{"line":58,"column":4},"end":{"line":60,"column":5}},"34":{"start":{"line":59,"column":6},"end":{"line":59,"column":51}},"35":{"start":{"line":61,"column":4},"end":{"line":61,"column":24}},"36":{"start":{"line":65,"column":4},"end":{"line":67,"column":5}},"37":{"start":{"line":66,"column":6},"end":{"line":66,"column":53}},"38":{"start":{"line":68,"column":4},"end":{"line":68,"column":25}},"39":{"start":{"line":72,"column":4},"end":{"line":72,"column":48}},"40":{"start":{"line":73,"column":4},"end":{"line":75,"column":5}},"41":{"start":{"line":74,"column":6},"end":{"line":74,"column":16}},"42":{"start":{"line":77,"column":4},"end":{"line":77,"column":28}},"43":{"start":{"line":80,"column":4},"end":{"line":94,"column":5}},"44":{"start":{"line":81,"column":6},"end":{"line":81,"column":26}},"45":{"start":{"line":81,"column":17},"end":{"line":81,"column":26}},"46":{"start":{"line":82,"column":6},"end":{"line":82,"column":37}},"47":{"start":{"line":83,"column":6},"end":{"line":93,"column":7}},"48":{"start":{"line":84,"column":8},"end":{"line":84,"column":27}},"49":{"start":{"line":85,"column":8},"end":{"line":89,"column":9}},"50":{"start":{"line":86,"column":10},"end":{"line":88,"column":11}},"51":{"start":{"line":87,"column":12},"end":{"line":87,"column":52}},"52":{"start":{"line":90,"column":8},"end":{"line":92,"column":9}},"53":{"start":{"line":91,"column":10},"end":{"line":91,"column":37}},"54":{"start":{"line":95,"column":4},"end":{"line":95,"column":38}},"55":{"start":{"line":99,"column":4},"end":{"line":99,"column":75}},"56":{"start":{"line":103,"column":4},"end":{"line":107,"column":5}},"57":{"start":{"line":104,"column":6},"end":{"line":104,"column":46}},"58":{"start":{"line":105,"column":6},"end":{"line":105,"column":62}},"59":{"start":{"line":106,"column":6},"end":{"line":106,"column":44}},"60":{"start":{"line":108,"column":4},"end":{"line":108,"column":21}},"61":{"start":{"line":112,"column":0},"end":{"line":112,"column":29}}},"branchMap":{"1":{"line":14,"type":"cond-expr","locations":[{"start":{"line":14,"column":50},"end":{"line":14,"column":69}},{"start":{"line":14,"column":72},"end":{"line":14,"column":79}}]},"2":{"line":21,"type":"binary-expr","locations":[{"start":{"line":21,"column":19},"end":{"line":21,"column":26}},{"start":{"line":21,"column":30},"end":{"line":21,"column":45}}]},"3":{"line":22,"type":"binary-expr","locations":[{"start":{"line":22,"column":21},"end":{"line":22,"column":38}},{"start":{"line":22,"column":42},"end":{"line":22,"column":44}}]},"4":{"line":23,"type":"binary-expr","locations":[{"start":{"line":23,"column":19},"end":{"line":23,"column":38}},{"start":{"line":23,"column":42},"end":{"line":23,"column":47}}]},"5":{"line":24,"type":"binary-expr","locations":[{"start":{"line":24,"column":20},"end":{"line":24,"column":42}},{"start":{"line":24,"column":46},"end":{"line":24,"column":51}}]},"6":{"line":28,"type":"binary-expr","locations":[{"start":{"line":28,"column":12},"end":{"line":28,"column":35}},{"start":{"line":28,"column":39},"end":{"line":28,"column":52}}]},"7":{"line":33,"type":"if","locations":[{"start":{"line":33,"column":6},"end":{"line":33,"column":6}},{"start":{"line":33,"column":6},"end":{"line":33,"column":6}}]},"8":{"line":33,"type":"binary-expr","locations":[{"start":{"line":33,"column":10},"end":{"line":33,"column":55}},{"start":{"line":33,"column":59},"end":{"line":33,"column":95}}]},"9":{"line":41,"type":"if","locations":[{"start":{"line":41,"column":4},"end":{"line":41,"column":4}},{"start":{"line":41,"column":4},"end":{"line":41,"column":4}}]},"10":{"line":43,"type":"if","locations":[{"start":{"line":43,"column":6},"end":{"line":43,"column":6}},{"start":{"line":43,"column":6},"end":{"line":43,"column":6}}]},"11":{"line":43,"type":"binary-expr","locations":[{"start":{"line":43,"column":10},"end":{"line":43,"column":58}},{"start":{"line":43,"column":62},"end":{"line":43,"column":99}}]},"12":{"line":58,"type":"if","locations":[{"start":{"line":58,"column":4},"end":{"line":58,"column":4}},{"start":{"line":58,"column":4},"end":{"line":58,"column":4}}]},"13":{"line":58,"type":"binary-expr","locations":[{"start":{"line":58,"column":8},"end":{"line":58,"column":34}},{"start":{"line":58,"column":38},"end":{"line":58,"column":47}}]},"14":{"line":65,"type":"if","locations":[{"start":{"line":65,"column":4},"end":{"line":65,"column":4}},{"start":{"line":65,"column":4},"end":{"line":65,"column":4}}]},"15":{"line":65,"type":"binary-expr","locations":[{"start":{"line":65,"column":8},"end":{"line":65,"column":35}},{"start":{"line":65,"column":39},"end":{"line":65,"column":48}}]},"16":{"line":73,"type":"if","locations":[{"start":{"line":73,"column":4},"end":{"line":73,"column":4}},{"start":{"line":73,"column":4},"end":{"line":73,"column":4}}]},"17":{"line":81,"type":"if","locations":[{"start":{"line":81,"column":6},"end":{"line":81,"column":6}},{"start":{"line":81,"column":6},"end":{"line":81,"column":6}}]},"18":{"line":83,"type":"if","locations":[{"start":{"line":83,"column":6},"end":{"line":83,"column":6}},{"start":{"line":83,"column":6},"end":{"line":83,"column":6}}]},"19":{"line":83,"type":"binary-expr","locations":[{"start":{"line":83,"column":10},"end":{"line":83,"column":25}},{"start":{"line":83,"column":29},"end":{"line":83,"column":44}}]},"20":{"line":86,"type":"if","locations":[{"start":{"line":86,"column":10},"end":{"line":86,"column":10}},{"start":{"line":86,"column":10},"end":{"line":86,"column":10}}]},"21":{"line":90,"type":"if","locations":[{"start":{"line":90,"column":8},"end":{"line":90,"column":8}},{"start":{"line":90,"column":8},"end":{"line":90,"column":8}}]},"22":{"line":103,"type":"if","locations":[{"start":{"line":103,"column":4},"end":{"line":103,"column":4}},{"start":{"line":103,"column":4},"end":{"line":103,"column":4}}]}}},"/Users/macbook/Programming/JS/starbot/src/modules/blacklist.js":{"path":"/Users/macbook/Programming/JS/starbot/src/modules/blacklist.js","s":{"1":1,"2":1,"3":1,"4":1,"5":0,"6":0,"7":0,"8":0,"9":0,"10":0,"11":0,"12":1},"b":{"1":[0,1],"2":[1,0]},"f":{"1":1,"2":0,"3":0,"4":0},"fnMap":{"1":{"name":"(anonymous_1)","line":7,"loc":{"start":{"line":7,"column":13},"end":{"line":7,"column":16}}},"2":{"name":"(anonymous_2)","line":15,"loc":{"start":{"line":15,"column":5},"end":{"line":15,"column":12}}},"3":{"name":"(anonymous_3)","line":20,"loc":{"start":{"line":20,"column":7},"end":{"line":20,"column":14}}},"4":{"name":"(anonymous_4)","line":25,"loc":{"start":{"line":25,"column":11},"end":{"line":25,"column":14}}}},"statementMap":{"1":{"start":{"line":1,"column":0},"end":{"line":1,"column":33}},"2":{"start":{"line":2,"column":0},"end":{"line":2,"column":52}},"3":{"start":{"line":4,"column":0},"end":{"line":4,"column":31}},"4":{"start":{"line":8,"column":4},"end":{"line":12,"column":5}},"5":{"start":{"line":9,"column":6},"end":{"line":11,"column":7}},"6":{"start":{"line":10,"column":8},"end":{"line":10,"column":31}},"7":{"start":{"line":16,"column":4},"end":{"line":16,"column":42}},"8":{"start":{"line":17,"column":4},"end":{"line":17,"column":48}},"9":{"start":{"line":21,"column":4},"end":{"line":21,"column":44}},"10":{"start":{"line":22,"column":4},"end":{"line":22,"column":51}},"11":{"start":{"line":26,"column":4},"end":{"line":26,"column":36}},"12":{"start":{"line":30,"column":0},"end":{"line":30,"column":33}}},"branchMap":{"1":{"line":8,"type":"if","locations":[{"start":{"line":8,"column":4},"end":{"line":8,"column":4}},{"start":{"line":8,"column":4},"end":{"line":8,"column":4}}]},"2":{"line":8,"type":"binary-expr","locations":[{"start":{"line":8,"column":8},"end":{"line":8,"column":63}},{"start":{"line":8,"column":67},"end":{"line":8,"column":96}}]}}},"/Users/macbook/Programming/JS/starbot/src/utils/url.js":{"path":"/Users/macbook/Programming/JS/starbot/src/utils/url.js","s":{"1":1,"2":1,"3":4,"4":4,"5":4,"6":4,"7":5,"8":5,"9":5,"10":2,"11":3,"12":5,"13":5,"14":1,"15":5,"16":4,"17":1},"b":{"1":[2,2],"2":[3,1],"3":[2,3],"4":[1,4],"5":[5,4]},"f":{"1":4},"fnMap":{"1":{"name":"getTitles","line":3,"loc":{"start":{"line":3,"column":0},"end":{"line":3,"column":26}}}},"statementMap":{"1":{"start":{"line":1,"column":0},"end":{"line":1,"column":27}},"2":{"start":{"line":3,"column":0},"end":{"line":28,"column":1}},"3":{"start":{"line":4,"column":2},"end":{"line":4,"column":62}},"4":{"start":{"line":5,"column":2},"end":{"line":5,"column":51}},"5":{"start":{"line":6,"column":2},"end":{"line":6,"column":21}},"6":{"start":{"line":8,"column":2},"end":{"line":26,"column":3}},"7":{"start":{"line":9,"column":4},"end":{"line":9,"column":41}},"8":{"start":{"line":10,"column":4},"end":{"line":10,"column":18}},"9":{"start":{"line":11,"column":4},"end":{"line":15,"column":5}},"10":{"start":{"line":12,"column":6},"end":{"line":12,"column":72}},"11":{"start":{"line":14,"column":6},"end":{"line":14,"column":38}},"12":{"start":{"line":16,"column":4},"end":{"line":16,"column":71}},"13":{"start":{"line":18,"column":4},"end":{"line":21,"column":5}},"14":{"start":{"line":20,"column":6},"end":{"line":20,"column":31}},"15":{"start":{"line":22,"column":4},"end":{"line":25,"column":7}},"16":{"start":{"line":27,"column":2},"end":{"line":27,"column":17}},"17":{"start":{"line":30,"column":0},"end":{"line":32,"column":2}}},"branchMap":{"1":{"line":4,"type":"cond-expr","locations":[{"start":{"line":4,"column":51},"end":{"line":4,"column":53}},{"start":{"line":4,"column":56},"end":{"line":4,"column":61}}]},"2":{"line":5,"type":"cond-expr","locations":[{"start":{"line":5,"column":37},"end":{"line":5,"column":41}},{"start":{"line":5,"column":44},"end":{"line":5,"column":50}}]},"3":{"line":11,"type":"if","locations":[{"start":{"line":11,"column":4},"end":{"line":11,"column":4}},{"start":{"line":11,"column":4},"end":{"line":11,"column":4}}]},"4":{"line":18,"type":"if","locations":[{"start":{"line":18,"column":4},"end":{"line":18,"column":4}},{"start":{"line":18,"column":4},"end":{"line":18,"column":4}}]},"5":{"line":18,"type":"binary-expr","locations":[{"start":{"line":18,"column":8},"end":{"line":18,"column":18}},{"start":{"line":18,"column":22},"end":{"line":18,"column":45}}]}}},"/Users/macbook/Programming/JS/starbot/src/modules/commands/helpCommand.js":{"path":"/Users/macbook/Programming/JS/starbot/src/modules/commands/helpCommand.js","s":{"1":1,"2":0,"3":0,"4":0,"5":0,"6":1},"b":{},"f":{"1":0,"2":0},"fnMap":{"1":{"name":"(anonymous_1)","line":4,"loc":{"start":{"line":4,"column":13},"end":{"line":4,"column":27}}},"2":{"name":"(anonymous_2)","line":8,"loc":{"start":{"line":8,"column":8},"end":{"line":8,"column":27}}}},"statementMap":{"1":{"start":{"line":1,"column":0},"end":{"line":1,"column":37}},"2":{"start":{"line":5,"column":4},"end":{"line":5,"column":23}},"3":{"start":{"line":9,"column":4},"end":{"line":9,"column":35}},"4":{"start":{"line":10,"column":4},"end":{"line":11,"column":105}},"5":{"start":{"line":12,"column":4},"end":{"line":19,"column":64}},"6":{"start":{"line":23,"column":0},"end":{"line":23,"column":29}}},"branchMap":{}},"/Users/macbook/Programming/JS/starbot/src/modules/commands/blacklistCommand.js":{"path":"/Users/macbook/Programming/JS/starbot/src/modules/commands/blacklistCommand.js","s":{"1":1,"2":1,"3":0,"4":0,"5":0,"6":1},"b":{},"f":{"1":0,"2":0},"fnMap":{"1":{"name":"(anonymous_1)","line":5,"loc":{"start":{"line":5,"column":13},"end":{"line":5,"column":27}}},"2":{"name":"(anonymous_2)","line":9,"loc":{"start":{"line":9,"column":8},"end":{"line":9,"column":27}}}},"statementMap":{"1":{"start":{"line":1,"column":0},"end":{"line":1,"column":37}},"2":{"start":{"line":2,"column":0},"end":{"line":2,"column":45}},"3":{"start":{"line":6,"column":4},"end":{"line":6,"column":23}},"4":{"start":{"line":10,"column":4},"end":{"line":10,"column":35}},"5":{"start":{"line":11,"column":4},"end":{"line":11,"column":73}},"6":{"start":{"line":15,"column":0},"end":{"line":15,"column":34}}},"branchMap":{}},"/Users/macbook/Programming/JS/starbot/src/modules/commands/banCommand.js":{"path":"/Users/macbook/Programming/JS/starbot/src/modules/commands/banCommand.js","s":{"1":1,"2":1,"3":0,"4":0,"5":0,"6":0,"7":1},"b":{},"f":{"1":0,"2":0},"fnMap":{"1":{"name":"(anonymous_1)","line":5,"loc":{"start":{"line":5,"column":13},"end":{"line":5,"column":27}}},"2":{"name":"(anonymous_2)","line":9,"loc":{"start":{"line":9,"column":8},"end":{"line":9,"column":27}}}},"statementMap":{"1":{"start":{"line":1,"column":0},"end":{"line":1,"column":37}},"2":{"start":{"line":2,"column":0},"end":{"line":2,"column":45}},"3":{"start":{"line":6,"column":4},"end":{"line":6,"column":23}},"4":{"start":{"line":10,"column":4},"end":{"line":10,"column":35}},"5":{"start":{"line":11,"column":4},"end":{"line":11,"column":62}},"6":{"start":{"line":12,"column":4},"end":{"line":12,"column":73}},"7":{"start":{"line":16,"column":0},"end":{"line":16,"column":28}}},"branchMap":{}},"/Users/macbook/Programming/JS/starbot/src/modules/commands/unbanCommand.js":{"path":"/Users/macbook/Programming/JS/starbot/src/modules/commands/unbanCommand.js","s":{"1":1,"2":1,"3":0,"4":0,"5":0,"6":0,"7":1},"b":{},"f":{"1":0,"2":0},"fnMap":{"1":{"name":"(anonymous_1)","line":5,"loc":{"start":{"line":5,"column":13},"end":{"line":5,"column":27}}},"2":{"name":"(anonymous_2)","line":9,"loc":{"start":{"line":9,"column":8},"end":{"line":9,"column":27}}}},"statementMap":{"1":{"start":{"line":1,"column":0},"end":{"line":1,"column":37}},"2":{"start":{"line":2,"column":0},"end":{"line":2,"column":45}},"3":{"start":{"line":6,"column":4},"end":{"line":6,"column":23}},"4":{"start":{"line":10,"column":4},"end":{"line":10,"column":35}},"5":{"start":{"line":11,"column":4},"end":{"line":11,"column":64}},"6":{"start":{"line":12,"column":4},"end":{"line":12,"column":73}},"7":{"start":{"line":16,"column":0},"end":{"line":16,"column":30}}},"branchMap":{}},"/Users/macbook/Programming/JS/starbot/src/modules/commands/versionCommand.js":{"path":"/Users/macbook/Programming/JS/starbot/src/modules/commands/versionCommand.js","s":{"1":1,"2":0,"3":0,"4":0,"5":1},"b":{},"f":{"1":0,"2":0},"fnMap":{"1":{"name":"(anonymous_1)","line":4,"loc":{"start":{"line":4,"column":13},"end":{"line":4,"column":27}}},"2":{"name":"(anonymous_2)","line":8,"loc":{"start":{"line":8,"column":8},"end":{"line":8,"column":27}}}},"statementMap":{"1":{"start":{"line":1,"column":0},"end":{"line":1,"column":40}},"2":{"start":{"line":5,"column":4},"end":{"line":5,"column":23}},"3":{"start":{"line":9,"column":4},"end":{"line":9,"column":35}},"4":{"start":{"line":10,"column":4},"end":{"line":10,"column":98}},"5":{"start":{"line":14,"column":0},"end":{"line":14,"column":32}}},"branchMap":{}}}